<?xml version="1.0" encoding="UTF-8"?>
<!-- Generated by org.testng.reporters.JUnitXMLReporter -->
<testsuite ignored="0" hostname="Mihirs-MacBook-Air.local" failures="0" tests="2" name="Default test" time="47.944" errors="0" timestamp="2024-11-25T22:44:15 IST">
  <testcase classname="TestScripts.Test1" name="go_to_revenueCalculator_AdjustSlider" time="1.319"/>
  <testcase classname="TestScripts.Test1" name="task_three_toSelectCardsAndValidateAmount" time="3.247"/>
</testsuite> <!-- Default test -->
